  rt.cpp
  tank.cpp
  GSC_Main.cpp
c:\users\jmvsu\onedrive\documents\school_fall_2018\cpen_333\assignment_1\gas_station_assignment1\gasstationcomputer\gsc_main.cpp(154): warning C4244: 'initializing': conversion from '__int64' to 'long', possible loss of data
c:\users\jmvsu\onedrive\documents\school_fall_2018\cpen_333\assignment_1\gas_station_assignment1\gasstationcomputer\gsc_main.cpp(155): warning C4244: 'initializing': conversion from '__int64' to 'long', possible loss of data
c:\users\jmvsu\onedrive\documents\school_fall_2018\cpen_333\assignment_1\gas_station_assignment1\gasstationcomputer\gsc_main.cpp(178): warning C4244: '=': conversion from '__int64' to 'long', possible loss of data
c:\users\jmvsu\onedrive\documents\school_fall_2018\cpen_333\assignment_1\gas_station_assignment1\gasstationcomputer\gsc_main.cpp(181): warning C4244: '=': conversion from '__int64' to 'long', possible loss of data
c:\users\jmvsu\onedrive\documents\school_fall_2018\cpen_333\assignment_1\gas_station_assignment1\gasstationcomputer\gsc_main.cpp(214): warning C4244: '=': conversion from '__int64' to 'long', possible loss of data
c:\users\jmvsu\onedrive\documents\school_fall_2018\cpen_333\assignment_1\gas_station_assignment1\gasstationcomputer\gsc_main.cpp(161): warning C4474: 'printf' : too many arguments passed for format string
  c:\users\jmvsu\onedrive\documents\school_fall_2018\cpen_333\assignment_1\gas_station_assignment1\gasstationcomputer\gsc_main.cpp(161): note: placeholders and their parameters expect 1 variadic arguments, but 2 were provided
c:\users\jmvsu\onedrive\documents\school_fall_2018\cpen_333\assignment_1\gas_station_assignment1\gasstationcomputer\gsc_main.cpp(163): warning C4474: 'printf' : too many arguments passed for format string
  c:\users\jmvsu\onedrive\documents\school_fall_2018\cpen_333\assignment_1\gas_station_assignment1\gasstationcomputer\gsc_main.cpp(163): note: placeholders and their parameters expect 1 variadic arguments, but 2 were provided
c:\users\jmvsu\onedrive\documents\school_fall_2018\cpen_333\assignment_1\gas_station_assignment1\gasstationcomputer\gsc_main.cpp(165): warning C4474: 'printf' : too many arguments passed for format string
  c:\users\jmvsu\onedrive\documents\school_fall_2018\cpen_333\assignment_1\gas_station_assignment1\gasstationcomputer\gsc_main.cpp(165): note: placeholders and their parameters expect 1 variadic arguments, but 2 were provided
c:\users\jmvsu\onedrive\documents\school_fall_2018\cpen_333\assignment_1\gas_station_assignment1\gasstationcomputer\gsc_main.cpp(168): warning C4474: 'printf' : too many arguments passed for format string
  c:\users\jmvsu\onedrive\documents\school_fall_2018\cpen_333\assignment_1\gas_station_assignment1\gasstationcomputer\gsc_main.cpp(168): note: placeholders and their parameters expect 1 variadic arguments, but 2 were provided
c:\users\jmvsu\onedrive\documents\school_fall_2018\cpen_333\assignment_1\gas_station_assignment1\gasstationcomputer\gsc_main.cpp(354): warning C4101: 'ex': unreferenced local variable
c:\users\jmvsu\onedrive\documents\school_fall_2018\cpen_333\assignment_1\gas_station_assignment1\gasstationcomputer\gsc_main.cpp(522): warning C4018: '>': signed/unsigned mismatch
  Generating Code...
  GasStationComputer.vcxproj -> C:\Users\jmvsu\OneDrive\Documents\School_Fall_2018\cpen_333\Assignment_1\Gas_Station_Assignment1\Debug\GasStationComputer.exe
